# JRE version: OpenJDK Runtime Environment (21.0.8) (build 21.0.8+-14018985-b1038.68)
# Java VM: OpenJDK 64-Bit Server VM (21.0.8+-14018985-b1038.68, mixed mode, tiered, compressed oops, compressed class ptrs, g1 gc, windows-amd64)
GC Precious Log:
 CardTable entry size: 512
 Card Set container configuration: InlinePtr #cards 5 size 8 Array Of Cards #cards 12 size 40 Howl #buckets 4 coarsen threshold 1843 Howl Bitmap #cards 512 size 80 coarsen threshold 460 Card regions per heap region 1 cards per card region 2048
 CPUs: 8 total, 8 available
 Memory: 16126M
 Large Page Support: Disabled
 NUMA Support: Disabled
 Compressed Oops: Enabled (32-bit)
 Heap Region Size: 1M
 Heap Min Capacity: 8M
 Heap Initial Capacity: 252M
 Heap Max Capacity: 2G
 Pre-touch: Disabled
 Parallel Workers: 8
 Concurrent Workers: 2
 Concurrent Refinement Workers: 8
 Periodic GC: Disabled
Heap:
 garbage-first heap   total 220160K, used 164338K [0x0000000080000000, 0x0000000100000000)
  region size 1024K, 14 young (14336K), 2 survivors (2048K)
 Metaspace       used 105064K, committed 106944K, reserved 1179648K
  class space    used 14904K, committed 15808K, reserved 1048576K
GC Heap History (20 events):
Event: 8.283 GC heap before
{Heap before GC invocations=26 (full 0):
 garbage-first heap   total 152576K, used 146106K [0x0000000080000000, 0x0000000100000000)
  region size 1024K, 48 young (49152K), 3 survivors (3072K)
 Metaspace       used 66391K, committed 67904K, reserved 1114112K
  class space    used 9220K, committed 9920K, reserved 1048576K
}
Event: 8.286 GC heap after
{Heap after GC invocations=27 (full 0):
 garbage-first heap   total 195584K, used 99717K [0x0000000080000000, 0x0000000100000000)
  region size 1024K, 4 young (4096K), 4 survivors (4096K)
 Metaspace       used 66391K, committed 67904K, reserved 1114112K
  class space    used 9220K, committed 9920K, reserved 1048576K
}
Event: 8.874 GC heap before
{Heap before GC invocations=27 (full 0):
 garbage-first heap   total 195584K, used 169349K [0x0000000080000000, 0x0000000100000000)
  region size 1024K, 72 young (73728K), 4 survivors (4096K)
 Metaspace       used 72393K, committed 74112K, reserved 1114112K
  class space    used 10116K, committed 10944K, reserved 1048576K
}
Event: 8.877 GC heap after
{Heap after GC invocations=28 (full 0):
 garbage-first heap   total 195584K, used 101767K [0x0000000080000000, 0x0000000100000000)
  region size 1024K, 6 young (6144K), 6 survivors (6144K)
 Metaspace       used 72393K, committed 74112K, reserved 1114112K
  class space    used 10116K, committed 10944K, reserved 1048576K
}
Event: 9.916 GC heap before
{Heap before GC invocations=28 (full 0):
 garbage-first heap   total 195584K, used 176519K [0x0000000080000000, 0x0000000100000000)
  region size 1024K, 80 young (81920K), 6 survivors (6144K)
 Metaspace       used 81911K, committed 83776K, reserved 1179648K
  class space    used 11598K, committed 12480K, reserved 1048576K
}
Event: 9.921 GC heap after
{Heap after GC invocations=29 (full 0):
 garbage-first heap   total 195584K, used 106828K [0x0000000080000000, 0x0000000100000000)
  region size 1024K, 10 young (10240K), 10 survivors (10240K)
 Metaspace       used 81911K, committed 83776K, reserved 1179648K
  class space    used 11598K, committed 12480K, reserved 1048576K
}
Event: 11.549 GC heap before
{Heap before GC invocations=29 (full 0):
 garbage-first heap   total 195584K, used 171340K [0x0000000080000000, 0x0000000100000000)
  region size 1024K, 74 young (75776K), 10 survivors (10240K)
 Metaspace       used 88002K, committed 89792K, reserved 1179648K
  class space    used 12342K, committed 13184K, reserved 1048576K
}
Event: 11.557 GC heap after
{Heap after GC invocations=30 (full 0):
 garbage-first heap   total 195584K, used 113486K [0x0000000080000000, 0x0000000100000000)
  region size 1024K, 10 young (10240K), 10 survivors (10240K)
 Metaspace       used 88002K, committed 89792K, reserved 1179648K
  class space    used 12342K, committed 13184K, reserved 1048576K
}
Event: 11.933 GC heap before
{Heap before GC invocations=31 (full 0):
 garbage-first heap   total 195584K, used 172878K [0x0000000080000000, 0x0000000100000000)
  region size 1024K, 69 young (70656K), 10 survivors (10240K)
 Metaspace       used 88253K, committed 90048K, reserved 1179648K
  class space    used 12346K, committed 13184K, reserved 1048576K
}
Event: 11.940 GC heap after
{Heap after GC invocations=32 (full 0):
 garbage-first heap   total 195584K, used 116674K [0x0000000080000000, 0x0000000100000000)
  region size 1024K, 5 young (5120K), 5 survivors (5120K)
 Metaspace       used 88253K, committed 90048K, reserved 1179648K
  class space    used 12346K, committed 13184K, reserved 1048576K
}
Event: 12.376 GC heap before
{Heap before GC invocations=32 (full 0):
 garbage-first heap   total 195584K, used 177090K [0x0000000080000000, 0x0000000100000000)
  region size 1024K, 65 young (66560K), 5 survivors (5120K)
 Metaspace       used 91827K, committed 93632K, reserved 1179648K
  class space    used 13240K, committed 14080K, reserved 1048576K
}
Event: 12.380 GC heap after
{Heap after GC invocations=33 (full 0):
 garbage-first heap   total 195584K, used 118417K [0x0000000080000000, 0x0000000100000000)
  region size 1024K, 6 young (6144K), 6 survivors (6144K)
 Metaspace       used 91827K, committed 93632K, reserved 1179648K
  class space    used 13240K, committed 14080K, reserved 1048576K
}
Event: 14.143 GC heap before
{Heap before GC invocations=33 (full 0):
 garbage-first heap   total 195584K, used 177809K [0x0000000080000000, 0x0000000100000000)
  region size 1024K, 64 young (65536K), 6 survivors (6144K)
 Metaspace       used 100792K, committed 102592K, reserved 1179648K
  class space    used 14373K, committed 15232K, reserved 1048576K
}
Event: 14.147 GC heap after
{Heap after GC invocations=34 (full 0):
 garbage-first heap   total 195584K, used 120461K [0x0000000080000000, 0x0000000100000000)
  region size 1024K, 7 young (7168K), 7 survivors (7168K)
 Metaspace       used 100792K, committed 102592K, reserved 1179648K
  class space    used 14373K, committed 15232K, reserved 1048576K
}
Event: 15.593 GC heap before
{Heap before GC invocations=35 (full 0):
 garbage-first heap   total 203776K, used 181901K [0x0000000080000000, 0x0000000100000000)
  region size 1024K, 61 young (62464K), 7 survivors (7168K)
 Metaspace       used 104945K, committed 106816K, reserved 1179648K
  class space    used 14901K, committed 15808K, reserved 1048576K
}
Event: 15.599 GC heap after
{Heap after GC invocations=36 (full 0):
 garbage-first heap   total 203776K, used 134314K [0x0000000080000000, 0x0000000100000000)
  region size 1024K, 8 young (8192K), 8 survivors (8192K)
 Metaspace       used 104945K, committed 106816K, reserved 1179648K
  class space    used 14901K, committed 15808K, reserved 1048576K
}
Event: 15.798 GC heap before
{Heap before GC invocations=36 (full 0):
 garbage-first heap   total 203776K, used 191658K [0x0000000080000000, 0x0000000100000000)
  region size 1024K, 56 young (57344K), 8 survivors (8192K)
 Metaspace       used 105061K, committed 106944K, reserved 1179648K
  class space    used 14904K, committed 15808K, reserved 1048576K
}
Event: 15.813 GC heap after
{Heap after GC invocations=37 (full 0):
 garbage-first heap   total 220160K, used 149882K [0x0000000080000000, 0x0000000100000000)
  region size 1024K, 7 young (7168K), 7 survivors (7168K)
 Metaspace       used 105061K, committed 106944K, reserved 1179648K
  class space    used 14904K, committed 15808K, reserved 1048576K
}
Event: 15.824 GC heap before
{Heap before GC invocations=37 (full 0):
 garbage-first heap   total 220160K, used 150906K [0x0000000080000000, 0x0000000100000000)
  region size 1024K, 9 young (9216K), 7 survivors (7168K)
 Metaspace       used 105061K, committed 106944K, reserved 1179648K
  class space    used 14904K, committed 15808K, reserved 1048576K
}
Event: 15.828 GC heap after
{Heap after GC invocations=38 (full 0):
 garbage-first heap   total 220160K, used 153074K [0x0000000080000000, 0x0000000100000000)
  region size 1024K, 2 young (2048K), 2 survivors (2048K)
 Metaspace       used 105061K, committed 106944K, reserved 1179648K
  class space    used 14904K, committed 15808K, reserved 1048576K
}

