# JRE version: OpenJDK Runtime Environment (21.0.8) (build 21.0.8+-14018985-b1038.68)
# Java VM: OpenJDK 64-Bit Server VM (21.0.8+-14018985-b1038.68, mixed mode, tiered, compressed oops, compressed class ptrs, g1 gc, windows-amd64)
GC Precious Log:
 CardTable entry size: 512
 Card Set container configuration: InlinePtr #cards 5 size 8 Array Of Cards #cards 12 size 40 Howl #buckets 4 coarsen threshold 1843 Howl Bitmap #cards 512 size 80 coarsen threshold 460 Card regions per heap region 1 cards per card region 2048
 CPUs: 8 total, 8 available
 Memory: 16126M
 Large Page Support: Disabled
 NUMA Support: Disabled
 Compressed Oops: Enabled (32-bit)
 Heap Region Size: 1M
 Heap Min Capacity: 8M
 Heap Initial Capacity: 252M
 Heap Max Capacity: 2G
 Pre-touch: Disabled
 Parallel Workers: 8
 Concurrent Workers: 2
 Concurrent Refinement Workers: 8
 Periodic GC: Disabled
Heap:
 garbage-first heap   total 126976K, used 95979K [0x0000000080000000, 0x0000000100000000)
  region size 1024K, 25 young (25600K), 3 survivors (3072K)
 Metaspace       used 50741K, committed 51904K, reserved 1114112K
  class space    used 6944K, committed 7488K, reserved 1048576K
GC Heap History (20 events):
Event: 6.131 GC heap before
{Heap before GC invocations=3 (full 0):
 garbage-first heap   total 258048K, used 36574K [0x0000000080000000, 0x0000000100000000)
  region size 1024K, 25 young (25600K), 6 survivors (6144K)
 Metaspace       used 21197K, committed 21504K, reserved 1114112K
  class space    used 2520K, committed 2688K, reserved 1048576K
}
Event: 6.135 GC heap after
{Heap after GC invocations=4 (full 0):
 garbage-first heap   total 258048K, used 20385K [0x0000000080000000, 0x0000000100000000)
  region size 1024K, 8 young (8192K), 8 survivors (8192K)
 Metaspace       used 21197K, committed 21504K, reserved 1114112K
  class space    used 2520K, committed 2688K, reserved 1048576K
}
Event: 47.704 GC heap before
{Heap before GC invocations=5 (full 0):
 garbage-first heap   total 68608K, used 52129K [0x0000000080000000, 0x0000000100000000)
  region size 1024K, 40 young (40960K), 8 survivors (8192K)
 Metaspace       used 26776K, committed 27264K, reserved 1114112K
  class space    used 3346K, committed 3584K, reserved 1048576K
}
Event: 47.710 GC heap after
{Heap after GC invocations=6 (full 0):
 garbage-first heap   total 68608K, used 22002K [0x0000000080000000, 0x0000000100000000)
  region size 1024K, 4 young (4096K), 4 survivors (4096K)
 Metaspace       used 26776K, committed 27264K, reserved 1114112K
  class space    used 3346K, committed 3584K, reserved 1048576K
}
Event: 48.353 GC heap before
{Heap before GC invocations=6 (full 0):
 garbage-first heap   total 68608K, used 55794K [0x0000000080000000, 0x0000000100000000)
  region size 1024K, 37 young (37888K), 4 survivors (4096K)
 Metaspace       used 31370K, committed 32000K, reserved 1114112K
  class space    used 4189K, committed 4480K, reserved 1048576K
}
Event: 48.358 GC heap after
{Heap after GC invocations=7 (full 0):
 garbage-first heap   total 68608K, used 23497K [0x0000000080000000, 0x0000000100000000)
  region size 1024K, 4 young (4096K), 4 survivors (4096K)
 Metaspace       used 31370K, committed 32000K, reserved 1114112K
  class space    used 4189K, committed 4480K, reserved 1048576K
}
Event: 48.969 GC heap before
{Heap before GC invocations=7 (full 0):
 garbage-first heap   total 68608K, used 50121K [0x0000000080000000, 0x0000000100000000)
  region size 1024K, 32 young (32768K), 4 survivors (4096K)
 Metaspace       used 35301K, committed 36096K, reserved 1114112K
  class space    used 4879K, committed 5248K, reserved 1048576K
}
Event: 48.973 GC heap after
{Heap after GC invocations=8 (full 0):
 garbage-first heap   total 68608K, used 25897K [0x0000000080000000, 0x0000000100000000)
  region size 1024K, 5 young (5120K), 5 survivors (5120K)
 Metaspace       used 35301K, committed 36096K, reserved 1114112K
  class space    used 4879K, committed 5248K, reserved 1048576K
}
Event: 49.454 GC heap before
{Heap before GC invocations=9 (full 0):
 garbage-first heap   total 68608K, used 65833K [0x0000000080000000, 0x0000000100000000)
  region size 1024K, 20 young (20480K), 5 survivors (5120K)
 Metaspace       used 36792K, committed 37632K, reserved 1114112K
  class space    used 5163K, committed 5568K, reserved 1048576K
}
Event: 49.459 GC heap after
{Heap after GC invocations=10 (full 0):
 garbage-first heap   total 75776K, used 54654K [0x0000000080000000, 0x0000000100000000)
  region size 1024K, 5 young (5120K), 5 survivors (5120K)
 Metaspace       used 36792K, committed 37632K, reserved 1114112K
  class space    used 5163K, committed 5568K, reserved 1048576K
}
Event: 49.683 GC heap before
{Heap before GC invocations=10 (full 0):
 garbage-first heap   total 75776K, used 66942K [0x0000000080000000, 0x0000000100000000)
  region size 1024K, 15 young (15360K), 5 survivors (5120K)
 Metaspace       used 37945K, committed 38848K, reserved 1114112K
  class space    used 5336K, committed 5760K, reserved 1048576K
}
Event: 49.688 GC heap after
{Heap after GC invocations=11 (full 0):
 garbage-first heap   total 77824K, used 60943K [0x0000000080000000, 0x0000000100000000)
  region size 1024K, 2 young (2048K), 2 survivors (2048K)
 Metaspace       used 37945K, committed 38848K, reserved 1114112K
  class space    used 5336K, committed 5760K, reserved 1048576K
}
Event: 49.904 GC heap before
{Heap before GC invocations=11 (full 0):
 garbage-first heap   total 77824K, used 69135K [0x0000000080000000, 0x0000000100000000)
  region size 1024K, 11 young (11264K), 2 survivors (2048K)
 Metaspace       used 39098K, committed 40064K, reserved 1114112K
  class space    used 5496K, committed 5952K, reserved 1048576K
}
Event: 49.906 GC heap after
{Heap after GC invocations=12 (full 0):
 garbage-first heap   total 94208K, used 61200K [0x0000000080000000, 0x0000000100000000)
  region size 1024K, 1 young (1024K), 1 survivors (1024K)
 Metaspace       used 39098K, committed 40064K, reserved 1114112K
  class space    used 5496K, committed 5952K, reserved 1048576K
}
Event: 50.376 GC heap before
{Heap before GC invocations=13 (full 0):
 garbage-first heap   total 104448K, used 83728K [0x0000000080000000, 0x0000000100000000)
  region size 1024K, 24 young (24576K), 1 survivors (1024K)
 Metaspace       used 44296K, committed 45248K, reserved 1114112K
  class space    used 6157K, committed 6592K, reserved 1048576K
}
Event: 50.379 GC heap after
{Heap after GC invocations=14 (full 0):
 garbage-first heap   total 104448K, used 63499K [0x0000000080000000, 0x0000000100000000)
  region size 1024K, 3 young (3072K), 3 survivors (3072K)
 Metaspace       used 44296K, committed 45248K, reserved 1114112K
  class space    used 6157K, committed 6592K, reserved 1048576K
}
Event: 50.651 GC heap before
{Heap before GC invocations=14 (full 0):
 garbage-first heap   total 104448K, used 93195K [0x0000000080000000, 0x0000000100000000)
  region size 1024K, 33 young (33792K), 3 survivors (3072K)
 Metaspace       used 46634K, committed 47616K, reserved 1114112K
  class space    used 6409K, committed 6912K, reserved 1048576K
}
Event: 50.656 GC heap after
{Heap after GC invocations=15 (full 0):
 garbage-first heap   total 104448K, used 67032K [0x0000000080000000, 0x0000000100000000)
  region size 1024K, 5 young (5120K), 5 survivors (5120K)
 Metaspace       used 46634K, committed 47616K, reserved 1114112K
  class space    used 6409K, committed 6912K, reserved 1048576K
}
Event: 50.819 GC heap before
{Heap before GC invocations=15 (full 0):
 garbage-first heap   total 104448K, used 78296K [0x0000000080000000, 0x0000000100000000)
  region size 1024K, 18 young (18432K), 5 survivors (5120K)
 Metaspace       used 47675K, committed 48704K, reserved 1114112K
  class space    used 6559K, committed 7104K, reserved 1048576K
}
Event: 50.823 GC heap after
{Heap after GC invocations=16 (full 0):
 garbage-first heap   total 104448K, used 69355K [0x0000000080000000, 0x0000000100000000)
  region size 1024K, 3 young (3072K), 3 survivors (3072K)
 Metaspace       used 47675K, committed 48704K, reserved 1114112K
  class space    used 6559K, committed 7104K, reserved 1048576K
}

